In file included from [01m[K/home/marina/ccmslam_ws/src/ccm_slam/cslam/include/cslam/Optimizer.h:47:0[m[K,
                 from [01m[K/home/marina/ccmslam_ws/src/ccm_slam/cslam/include/cslam/MapMatcher.h:52[m[K,
                 from [01m[K/home/marina/ccmslam_ws/src/ccm_slam/cslam/include/cslam/Mapping.h:40[m[K,
                 from [01m[K/home/marina/ccmslam_ws/src/ccm_slam/cslam/include/cslam/ClientHandler.h:47[m[K,
                 from [01m[K/home/marina/ccmslam_ws/src/ccm_slam/cslam/include/cslam/CentralControl.h:38[m[K,
                 from [01m[K/home/marina/ccmslam_ws/src/ccm_slam/cslam/include/cslam/Communicator.h:52[m[K,
                 from [01m[K/home/marina/ccmslam_ws/src/ccm_slam/cslam/src/Communicator.cpp:25[m[K:
[01m[K/home/marina/ccmslam_ws/src/ccm_slam/cslam/thirdparty/g2o/g2o/solvers/linear_solver_eigen.h:45:50:[m[K [01;36m[Knote: [m[K#pragma message: g2o: Ubuntu 16 configuration
 #pragma message ( "g2o: Ubuntu 16 configuration" )
[01;32m[K                                                  ^[m[K
In file included from [01m[K/home/marina/ccmslam_ws/src/ccm_slam/cslam/include/cslam/Optimizer.h:47:0[m[K,
                 from [01m[K/home/marina/ccmslam_ws/src/ccm_slam/cslam/include/cslam/MapMatcher.h:52[m[K,
                 from [01m[K/home/marina/ccmslam_ws/src/ccm_slam/cslam/include/cslam/Communicator.h:58[m[K,
                 from [01m[K/home/marina/ccmslam_ws/src/ccm_slam/cslam/include/cslam/KeyFrame.h:43[m[K,
                 from [01m[K/home/marina/ccmslam_ws/src/ccm_slam/cslam/include/cslam/MapPoint.h:40[m[K,
                 from [01m[K/home/marina/ccmslam_ws/src/ccm_slam/cslam/include/cslam/Map.h:42[m[K,
                 from [01m[K/home/marina/ccmslam_ws/src/ccm_slam/cslam/include/cslam/ClientHandler.h:45[m[K,
                 from [01m[K/home/marina/ccmslam_ws/src/ccm_slam/cslam/include/cslam/CentralControl.h:38[m[K,
                 from [01m[K/home/marina/ccmslam_ws/src/ccm_slam/cslam/src/CentralControl.cpp:25[m[K:
[01m[K/home/marina/ccmslam_ws/src/ccm_slam/cslam/thirdparty/g2o/g2o/solvers/linear_solver_eigen.h:45:50:[m[K [01;36m[Knote: [m[K#pragma message: g2o: Ubuntu 16 configuration
 #pragma message ( "g2o: Ubuntu 16 configuration" )
[01;32m[K                                                  ^[m[K
In file included from [01m[K/home/marina/ccmslam_ws/src/ccm_slam/cslam/include/cslam/Optimizer.h:47:0[m[K,
                 from [01m[K/home/marina/ccmslam_ws/src/ccm_slam/cslam/include/cslam/MapMatcher.h:52[m[K,
                 from [01m[K/home/marina/ccmslam_ws/src/ccm_slam/cslam/include/cslam/Communicator.h:58[m[K,
                 from [01m[K/home/marina/ccmslam_ws/src/ccm_slam/cslam/include/cslam/KeyFrame.h:43[m[K,
                 from [01m[K/home/marina/ccmslam_ws/src/ccm_slam/cslam/include/cslam/MapPoint.h:40[m[K,
                 from [01m[K/home/marina/ccmslam_ws/src/ccm_slam/cslam/include/cslam/Map.h:42[m[K,
                 from [01m[K/home/marina/ccmslam_ws/src/ccm_slam/cslam/include/cslam/ClientHandler.h:45[m[K,
                 from [01m[K/home/marina/ccmslam_ws/src/ccm_slam/cslam/src/ClientHandler.cpp:25[m[K:
[01m[K/home/marina/ccmslam_ws/src/ccm_slam/cslam/thirdparty/g2o/g2o/solvers/linear_solver_eigen.h:45:50:[m[K [01;36m[Knote: [m[K#pragma message: g2o: Ubuntu 16 configuration
 #pragma message ( "g2o: Ubuntu 16 configuration" )
[01;32m[K                                                  ^[m[K
In file included from [01m[K/home/marina/ccmslam_ws/src/ccm_slam/cslam/include/cslam/Optimizer.h:47:0[m[K,
                 from [01m[K/home/marina/ccmslam_ws/src/ccm_slam/cslam/include/cslam/MapMatcher.h:52[m[K,
                 from [01m[K/home/marina/ccmslam_ws/src/ccm_slam/cslam/include/cslam/Mapping.h:40[m[K,
                 from [01m[K/home/marina/ccmslam_ws/src/ccm_slam/cslam/include/cslam/ClientHandler.h:47[m[K,
                 from [01m[K/home/marina/ccmslam_ws/src/ccm_slam/cslam/include/cslam/CentralControl.h:38[m[K,
                 from [01m[K/home/marina/ccmslam_ws/src/ccm_slam/cslam/include/cslam/Communicator.h:52[m[K,
                 from [01m[K/home/marina/ccmslam_ws/src/ccm_slam/cslam/include/cslam/MapPoint.h:41[m[K,
                 from [01m[K/home/marina/ccmslam_ws/src/ccm_slam/cslam/include/cslam/KeyFrame.h:40[m[K,
                 from [01m[K/home/marina/ccmslam_ws/src/ccm_slam/cslam/include/cslam/Database.h:40[m[K,
                 from [01m[K/home/marina/ccmslam_ws/src/ccm_slam/cslam/src/Database.cpp:25[m[K:
[01m[K/home/marina/ccmslam_ws/src/ccm_slam/cslam/thirdparty/g2o/g2o/solvers/linear_solver_eigen.h:45:50:[m[K [01;36m[Knote: [m[K#pragma message: g2o: Ubuntu 16 configuration
 #pragma message ( "g2o: Ubuntu 16 configuration" )
[01;32m[K                                                  ^[m[K
In file included from [01m[K/home/marina/ccmslam_ws/src/ccm_slam/cslam/include/cslam/Optimizer.h:47:0[m[K,
                 from [01m[K/home/marina/ccmslam_ws/src/ccm_slam/cslam/include/cslam/MapMatcher.h:52[m[K,
                 from [01m[K/home/marina/ccmslam_ws/src/ccm_slam/cslam/include/cslam/Mapping.h:40[m[K,
                 from [01m[K/home/marina/ccmslam_ws/src/ccm_slam/cslam/include/cslam/ClientHandler.h:47[m[K,
                 from [01m[K/home/marina/ccmslam_ws/src/ccm_slam/cslam/include/cslam/CentralControl.h:38[m[K,
                 from [01m[K/home/marina/ccmslam_ws/src/ccm_slam/cslam/include/cslam/Map.h:41[m[K,
                 from [01m[K/home/marina/ccmslam_ws/src/ccm_slam/cslam/include/cslam/Database.h:41[m[K,
                 from [01m[K/home/marina/ccmslam_ws/src/ccm_slam/cslam/include/cslam/KeyFrame.h:41[m[K,
                 from [01m[K/home/marina/ccmslam_ws/src/ccm_slam/cslam/include/cslam/MapPoint.h:40[m[K,
                 from [01m[K/home/marina/ccmslam_ws/src/ccm_slam/cslam/include/cslam/Frame.h:39[m[K,
                 from [01m[K/home/marina/ccmslam_ws/src/ccm_slam/cslam/src/Frame.cpp:25[m[K:
[01m[K/home/marina/ccmslam_ws/src/ccm_slam/cslam/thirdparty/g2o/g2o/solvers/linear_solver_eigen.h:45:50:[m[K [01;36m[Knote: [m[K#pragma message: g2o: Ubuntu 16 configuration
 #pragma message ( "g2o: Ubuntu 16 configuration" )
[01;32m[K                                                  ^[m[K
In file included from [01m[K/home/marina/ccmslam_ws/src/ccm_slam/cslam/include/cslam/Optimizer.h:47:0[m[K,
                 from [01m[K/home/marina/ccmslam_ws/src/ccm_slam/cslam/include/cslam/MapMatcher.h:52[m[K,
                 from [01m[K/home/marina/ccmslam_ws/src/ccm_slam/cslam/include/cslam/Mapping.h:40[m[K,
                 from [01m[K/home/marina/ccmslam_ws/src/ccm_slam/cslam/include/cslam/ClientHandler.h:47[m[K,
                 from [01m[K/home/marina/ccmslam_ws/src/ccm_slam/cslam/include/cslam/CentralControl.h:38[m[K,
                 from [01m[K/home/marina/ccmslam_ws/src/ccm_slam/cslam/include/cslam/Communicator.h:52[m[K,
                 from [01m[K/home/marina/ccmslam_ws/src/ccm_slam/cslam/include/cslam/MapPoint.h:41[m[K,
                 from [01m[K/home/marina/ccmslam_ws/src/ccm_slam/cslam/include/cslam/KeyFrame.h:40[m[K,
                 from [01m[K/home/marina/ccmslam_ws/src/ccm_slam/cslam/include/cslam/Database.h:40[m[K,
                 from [01m[K/home/marina/ccmslam_ws/src/ccm_slam/cslam/include/cslam/Initializer.h:35[m[K,
                 from [01m[K/home/marina/ccmslam_ws/src/ccm_slam/cslam/src/Initializer.cpp:25[m[K:
[01m[K/home/marina/ccmslam_ws/src/ccm_slam/cslam/thirdparty/g2o/g2o/solvers/linear_solver_eigen.h:45:50:[m[K [01;36m[Knote: [m[K#pragma message: g2o: Ubuntu 16 configuration
 #pragma message ( "g2o: Ubuntu 16 configuration" )
[01;32m[K                                                  ^[m[K
In file included from [01m[K/home/marina/ccmslam_ws/src/ccm_slam/cslam/include/cslam/Optimizer.h:47:0[m[K,
                 from [01m[K/home/marina/ccmslam_ws/src/ccm_slam/cslam/include/cslam/MapMatcher.h:52[m[K,
                 from [01m[K/home/marina/ccmslam_ws/src/ccm_slam/cslam/include/cslam/Mapping.h:40[m[K,
                 from [01m[K/home/marina/ccmslam_ws/src/ccm_slam/cslam/include/cslam/ClientHandler.h:47[m[K,
                 from [01m[K/home/marina/ccmslam_ws/src/ccm_slam/cslam/include/cslam/CentralControl.h:38[m[K,
                 from [01m[K/home/marina/ccmslam_ws/src/ccm_slam/cslam/include/cslam/Communicator.h:52[m[K,
                 from [01m[K/home/marina/ccmslam_ws/src/ccm_slam/cslam/include/cslam/MapPoint.h:41[m[K,
                 from [01m[K/home/marina/ccmslam_ws/src/ccm_slam/cslam/include/cslam/KeyFrame.h:40[m[K,
                 from [01m[K/home/marina/ccmslam_ws/src/ccm_slam/cslam/src/KeyFrame.cpp:25[m[K:
[01m[K/home/marina/ccmslam_ws/src/ccm_slam/cslam/thirdparty/g2o/g2o/solvers/linear_solver_eigen.h:45:50:[m[K [01;36m[Knote: [m[K#pragma message: g2o: Ubuntu 16 configuration
 #pragma message ( "g2o: Ubuntu 16 configuration" )
[01;32m[K                                                  ^[m[K
In file included from [01m[K/home/marina/ccmslam_ws/src/ccm_slam/cslam/include/cslam/Optimizer.h:47:0[m[K,
                 from [01m[K/home/marina/ccmslam_ws/src/ccm_slam/cslam/include/cslam/MapMatcher.h:52[m[K,
                 from [01m[K/home/marina/ccmslam_ws/src/ccm_slam/cslam/include/cslam/Communicator.h:58[m[K,
                 from [01m[K/home/marina/ccmslam_ws/src/ccm_slam/cslam/include/cslam/KeyFrame.h:43[m[K,
                 from [01m[K/home/marina/ccmslam_ws/src/ccm_slam/cslam/include/cslam/MapPoint.h:40[m[K,
                 from [01m[K/home/marina/ccmslam_ws/src/ccm_slam/cslam/include/cslam/Map.h:42[m[K,
                 from [01m[K/home/marina/ccmslam_ws/src/ccm_slam/cslam/include/cslam/ClientHandler.h:45[m[K,
                 from [01m[K/home/marina/ccmslam_ws/src/ccm_slam/cslam/include/cslam/CentralControl.h:38[m[K,
                 from [01m[K/home/marina/ccmslam_ws/src/ccm_slam/cslam/include/cslam/LoopFinder.h:48[m[K,
                 from [01m[K/home/marina/ccmslam_ws/src/ccm_slam/cslam/src/LoopFinder.cpp:25[m[K:
[01m[K/home/marina/ccmslam_ws/src/ccm_slam/cslam/thirdparty/g2o/g2o/solvers/linear_solver_eigen.h:45:50:[m[K [01;36m[Knote: [m[K#pragma message: g2o: Ubuntu 16 configuration
 #pragma message ( "g2o: Ubuntu 16 configuration" )
[01;32m[K                                                  ^[m[K
In file included from [01m[K/home/marina/ccmslam_ws/src/ccm_slam/cslam/include/cslam/Optimizer.h:47:0[m[K,
                 from [01m[K/home/marina/ccmslam_ws/src/ccm_slam/cslam/include/cslam/MapMatcher.h:52[m[K,
                 from [01m[K/home/marina/ccmslam_ws/src/ccm_slam/cslam/include/cslam/Communicator.h:58[m[K,
                 from [01m[K/home/marina/ccmslam_ws/src/ccm_slam/cslam/include/cslam/MapPoint.h:41[m[K,
                 from [01m[K/home/marina/ccmslam_ws/src/ccm_slam/cslam/include/cslam/KeyFrame.h:40[m[K,
                 from [01m[K/home/marina/ccmslam_ws/src/ccm_slam/cslam/include/cslam/Database.h:40[m[K,
                 from [01m[K/home/marina/ccmslam_ws/src/ccm_slam/cslam/include/cslam/ClientHandler.h:46[m[K,
                 from [01m[K/home/marina/ccmslam_ws/src/ccm_slam/cslam/include/cslam/CentralControl.h:38[m[K,
                 from [01m[K/home/marina/ccmslam_ws/src/ccm_slam/cslam/include/cslam/Map.h:41[m[K,
                 from [01m[K/home/marina/ccmslam_ws/src/ccm_slam/cslam/src/Map.cpp:25[m[K:
[01m[K/home/marina/ccmslam_ws/src/ccm_slam/cslam/thirdparty/g2o/g2o/solvers/linear_solver_eigen.h:45:50:[m[K [01;36m[Knote: [m[K#pragma message: g2o: Ubuntu 16 configuration
 #pragma message ( "g2o: Ubuntu 16 configuration" )
[01;32m[K                                                  ^[m[K
In file included from [01m[K/home/marina/ccmslam_ws/src/ccm_slam/cslam/include/cslam/Optimizer.h:47:0[m[K,
                 from [01m[K/home/marina/ccmslam_ws/src/ccm_slam/cslam/include/cslam/LoopFinder.h:56[m[K,
                 from [01m[K/home/marina/ccmslam_ws/src/ccm_slam/cslam/include/cslam/Mapping.h:41[m[K,
                 from [01m[K/home/marina/ccmslam_ws/src/ccm_slam/cslam/include/cslam/ClientHandler.h:47[m[K,
                 from [01m[K/home/marina/ccmslam_ws/src/ccm_slam/cslam/include/cslam/CentralControl.h:38[m[K,
                 from [01m[K/home/marina/ccmslam_ws/src/ccm_slam/cslam/include/cslam/Communicator.h:52[m[K,
                 from [01m[K/home/marina/ccmslam_ws/src/ccm_slam/cslam/include/cslam/MapPoint.h:41[m[K,
                 from [01m[K/home/marina/ccmslam_ws/src/ccm_slam/cslam/include/cslam/KeyFrame.h:40[m[K,
                 from [01m[K/home/marina/ccmslam_ws/src/ccm_slam/cslam/include/cslam/Database.h:40[m[K,
                 from [01m[K/home/marina/ccmslam_ws/src/ccm_slam/cslam/include/cslam/MapMatcher.h:45[m[K,
                 from [01m[K/home/marina/ccmslam_ws/src/ccm_slam/cslam/src/MapMatcher.cpp:25[m[K:
[01m[K/home/marina/ccmslam_ws/src/ccm_slam/cslam/thirdparty/g2o/g2o/solvers/linear_solver_eigen.h:45:50:[m[K [01;36m[Knote: [m[K#pragma message: g2o: Ubuntu 16 configuration
 #pragma message ( "g2o: Ubuntu 16 configuration" )
[01;32m[K                                                  ^[m[K
In file included from [01m[K/home/marina/ccmslam_ws/src/ccm_slam/cslam/include/cslam/Optimizer.h:47:0[m[K,
                 from [01m[K/home/marina/ccmslam_ws/src/ccm_slam/cslam/include/cslam/MapMatcher.h:52[m[K,
                 from [01m[K/home/marina/ccmslam_ws/src/ccm_slam/cslam/include/cslam/Communicator.h:58[m[K,
                 from [01m[K/home/marina/ccmslam_ws/src/ccm_slam/cslam/include/cslam/KeyFrame.h:43[m[K,
                 from [01m[K/home/marina/ccmslam_ws/src/ccm_slam/cslam/include/cslam/MapPoint.h:40[m[K,
                 from [01m[K/home/marina/ccmslam_ws/src/ccm_slam/cslam/include/cslam/Map.h:42[m[K,
                 from [01m[K/home/marina/ccmslam_ws/src/ccm_slam/cslam/include/cslam/ClientHandler.h:45[m[K,
                 from [01m[K/home/marina/ccmslam_ws/src/ccm_slam/cslam/include/cslam/CentralControl.h:38[m[K,
                 from [01m[K/home/marina/ccmslam_ws/src/ccm_slam/cslam/include/cslam/MapMerger.h:42[m[K,
                 from [01m[K/home/marina/ccmslam_ws/src/ccm_slam/cslam/src/MapMerger.cpp:25[m[K:
[01m[K/home/marina/ccmslam_ws/src/ccm_slam/cslam/thirdparty/g2o/g2o/solvers/linear_solver_eigen.h:45:50:[m[K [01;36m[Knote: [m[K#pragma message: g2o: Ubuntu 16 configuration
 #pragma message ( "g2o: Ubuntu 16 configuration" )
[01;32m[K                                                  ^[m[K
In file included from [01m[K/home/marina/ccmslam_ws/src/ccm_slam/cslam/include/cslam/Optimizer.h:47:0[m[K,
                 from [01m[K/home/marina/ccmslam_ws/src/ccm_slam/cslam/include/cslam/MapMatcher.h:52[m[K,
                 from [01m[K/home/marina/ccmslam_ws/src/ccm_slam/cslam/include/cslam/Communicator.h:58[m[K,
                 from [01m[K/home/marina/ccmslam_ws/src/ccm_slam/cslam/include/cslam/KeyFrame.h:43[m[K,
                 from [01m[K/home/marina/ccmslam_ws/src/ccm_slam/cslam/include/cslam/MapPoint.h:40[m[K,
                 from [01m[K/home/marina/ccmslam_ws/src/ccm_slam/cslam/include/cslam/Map.h:42[m[K,
                 from [01m[K/home/marina/ccmslam_ws/src/ccm_slam/cslam/include/cslam/ClientHandler.h:45[m[K,
                 from [01m[K/home/marina/ccmslam_ws/src/ccm_slam/cslam/include/cslam/CentralControl.h:38[m[K,
                 from [01m[K/home/marina/ccmslam_ws/src/ccm_slam/cslam/include/cslam/Mapping.h:37[m[K,
                 from [01m[K/home/marina/ccmslam_ws/src/ccm_slam/cslam/src/Mapping.cpp:25[m[K:
[01m[K/home/marina/ccmslam_ws/src/ccm_slam/cslam/thirdparty/g2o/g2o/solvers/linear_solver_eigen.h:45:50:[m[K [01;36m[Knote: [m[K#pragma message: g2o: Ubuntu 16 configuration
 #pragma message ( "g2o: Ubuntu 16 configuration" )
[01;32m[K                                                  ^[m[K
In file included from [01m[K/home/marina/ccmslam_ws/src/ccm_slam/cslam/include/cslam/Optimizer.h:47:0[m[K,
                 from [01m[K/home/marina/ccmslam_ws/src/ccm_slam/cslam/include/cslam/MapMatcher.h:52[m[K,
                 from [01m[K/home/marina/ccmslam_ws/src/ccm_slam/cslam/include/cslam/Mapping.h:40[m[K,
                 from [01m[K/home/marina/ccmslam_ws/src/ccm_slam/cslam/include/cslam/ClientHandler.h:47[m[K,
                 from [01m[K/home/marina/ccmslam_ws/src/ccm_slam/cslam/include/cslam/CentralControl.h:38[m[K,
                 from [01m[K/home/marina/ccmslam_ws/src/ccm_slam/cslam/include/cslam/Map.h:41[m[K,
                 from [01m[K/home/marina/ccmslam_ws/src/ccm_slam/cslam/include/cslam/Database.h:41[m[K,
                 from [01m[K/home/marina/ccmslam_ws/src/ccm_slam/cslam/include/cslam/KeyFrame.h:41[m[K,
                 from [01m[K/home/marina/ccmslam_ws/src/ccm_slam/cslam/include/cslam/MapPoint.h:40[m[K,
                 from [01m[K/home/marina/ccmslam_ws/src/ccm_slam/cslam/src/MapPoint.cpp:25[m[K:
[01m[K/home/marina/ccmslam_ws/src/ccm_slam/cslam/thirdparty/g2o/g2o/solvers/linear_solver_eigen.h:45:50:[m[K [01;36m[Knote: [m[K#pragma message: g2o: Ubuntu 16 configuration
 #pragma message ( "g2o: Ubuntu 16 configuration" )
[01;32m[K                                                  ^[m[K
In file included from [01m[K/home/marina/ccmslam_ws/src/ccm_slam/cslam/include/cslam/Optimizer.h:47:0[m[K,
                 from [01m[K/home/marina/ccmslam_ws/src/ccm_slam/cslam/src/Optimizer.cpp:25[m[K:
[01m[K/home/marina/ccmslam_ws/src/ccm_slam/cslam/thirdparty/g2o/g2o/solvers/linear_solver_eigen.h:45:50:[m[K [01;36m[Knote: [m[K#pragma message: g2o: Ubuntu 16 configuration
 #pragma message ( "g2o: Ubuntu 16 configuration" )
[01;32m[K                                                  ^[m[K
In file included from [01m[K/home/marina/ccmslam_ws/src/ccm_slam/cslam/include/cslam/Optimizer.h:47:0[m[K,
                 from [01m[K/home/marina/ccmslam_ws/src/ccm_slam/cslam/include/cslam/MapMatcher.h:52[m[K,
                 from [01m[K/home/marina/ccmslam_ws/src/ccm_slam/cslam/include/cslam/Mapping.h:40[m[K,
                 from [01m[K/home/marina/ccmslam_ws/src/ccm_slam/cslam/include/cslam/ClientHandler.h:47[m[K,
                 from [01m[K/home/marina/ccmslam_ws/src/ccm_slam/cslam/include/cslam/CentralControl.h:38[m[K,
                 from [01m[K/home/marina/ccmslam_ws/src/ccm_slam/cslam/include/cslam/Map.h:41[m[K,
                 from [01m[K/home/marina/ccmslam_ws/src/ccm_slam/cslam/include/cslam/Database.h:41[m[K,
                 from [01m[K/home/marina/ccmslam_ws/src/ccm_slam/cslam/include/cslam/KeyFrame.h:41[m[K,
                 from [01m[K/home/marina/ccmslam_ws/src/ccm_slam/cslam/include/cslam/MapPoint.h:40[m[K,
                 from [01m[K/home/marina/ccmslam_ws/src/ccm_slam/cslam/include/cslam/Frame.h:39[m[K,
                 from [01m[K/home/marina/ccmslam_ws/src/ccm_slam/cslam/include/cslam/ORBmatcher.h:71[m[K,
                 from [01m[K/home/marina/ccmslam_ws/src/ccm_slam/cslam/src/ORBmatcher.cpp:59[m[K:
[01m[K/home/marina/ccmslam_ws/src/ccm_slam/cslam/thirdparty/g2o/g2o/solvers/linear_solver_eigen.h:45:50:[m[K [01;36m[Knote: [m[K#pragma message: g2o: Ubuntu 16 configuration
 #pragma message ( "g2o: Ubuntu 16 configuration" )
[01;32m[K                                                  ^[m[K
In file included from [01m[K/home/marina/ccmslam_ws/src/ccm_slam/cslam/include/cslam/Optimizer.h:47:0[m[K,
                 from [01m[K/home/marina/ccmslam_ws/src/ccm_slam/cslam/include/cslam/MapMatcher.h:52[m[K,
                 from [01m[K/home/marina/ccmslam_ws/src/ccm_slam/cslam/include/cslam/Mapping.h:40[m[K,
                 from [01m[K/home/marina/ccmslam_ws/src/ccm_slam/cslam/include/cslam/ClientHandler.h:47[m[K,
                 from [01m[K/home/marina/ccmslam_ws/src/ccm_slam/cslam/include/cslam/CentralControl.h:38[m[K,
                 from [01m[K/home/marina/ccmslam_ws/src/ccm_slam/cslam/include/cslam/Map.h:41[m[K,
                 from [01m[K/home/marina/ccmslam_ws/src/ccm_slam/cslam/include/cslam/Database.h:41[m[K,
                 from [01m[K/home/marina/ccmslam_ws/src/ccm_slam/cslam/include/cslam/KeyFrame.h:41[m[K,
                 from [01m[K/home/marina/ccmslam_ws/src/ccm_slam/cslam/include/cslam/MapPoint.h:40[m[K,
                 from [01m[K/home/marina/ccmslam_ws/src/ccm_slam/cslam/include/cslam/Frame.h:39[m[K,
                 from [01m[K/home/marina/ccmslam_ws/src/ccm_slam/cslam/include/cslam/PnPSolver.h:68[m[K,
                 from [01m[K/home/marina/ccmslam_ws/src/ccm_slam/cslam/src/PnPSolver.cpp:53[m[K:
[01m[K/home/marina/ccmslam_ws/src/ccm_slam/cslam/thirdparty/g2o/g2o/solvers/linear_solver_eigen.h:45:50:[m[K [01;36m[Knote: [m[K#pragma message: g2o: Ubuntu 16 configuration
 #pragma message ( "g2o: Ubuntu 16 configuration" )
[01;32m[K                                                  ^[m[K
In file included from [01m[K/home/marina/ccmslam_ws/src/ccm_slam/cslam/include/cslam/Optimizer.h:47:0[m[K,
                 from [01m[K/home/marina/ccmslam_ws/src/ccm_slam/cslam/include/cslam/MapMatcher.h:52[m[K,
                 from [01m[K/home/marina/ccmslam_ws/src/ccm_slam/cslam/include/cslam/Mapping.h:40[m[K,
                 from [01m[K/home/marina/ccmslam_ws/src/ccm_slam/cslam/include/cslam/ClientHandler.h:47[m[K,
                 from [01m[K/home/marina/ccmslam_ws/src/ccm_slam/cslam/include/cslam/CentralControl.h:38[m[K,
                 from [01m[K/home/marina/ccmslam_ws/src/ccm_slam/cslam/include/cslam/Communicator.h:52[m[K,
                 from [01m[K/home/marina/ccmslam_ws/src/ccm_slam/cslam/include/cslam/MapPoint.h:41[m[K,
                 from [01m[K/home/marina/ccmslam_ws/src/ccm_slam/cslam/include/cslam/KeyFrame.h:40[m[K,
                 from [01m[K/home/marina/ccmslam_ws/src/ccm_slam/cslam/include/cslam/Sim3Solver.h:11[m[K,
                 from [01m[K/home/marina/ccmslam_ws/src/ccm_slam/cslam/src/Sim3Solver.cpp:1[m[K:
[01m[K/home/marina/ccmslam_ws/src/ccm_slam/cslam/thirdparty/g2o/g2o/solvers/linear_solver_eigen.h:45:50:[m[K [01;36m[Knote: [m[K#pragma message: g2o: Ubuntu 16 configuration
 #pragma message ( "g2o: Ubuntu 16 configuration" )
[01;32m[K                                                  ^[m[K
In file included from [01m[K/home/marina/ccmslam_ws/src/ccm_slam/cslam/include/cslam/Optimizer.h:47:0[m[K,
                 from [01m[K/home/marina/ccmslam_ws/src/ccm_slam/cslam/include/cslam/MapMatcher.h:52[m[K,
                 from [01m[K/home/marina/ccmslam_ws/src/ccm_slam/cslam/include/cslam/Mapping.h:40[m[K,
                 from [01m[K/home/marina/ccmslam_ws/src/ccm_slam/cslam/include/cslam/ClientHandler.h:47[m[K,
                 from [01m[K/home/marina/ccmslam_ws/src/ccm_slam/cslam/include/cslam/CentralControl.h:38[m[K,
                 from [01m[K/home/marina/ccmslam_ws/src/ccm_slam/cslam/include/cslam/Map.h:41[m[K,
                 from [01m[K/home/marina/ccmslam_ws/src/ccm_slam/cslam/include/cslam/Database.h:41[m[K,
                 from [01m[K/home/marina/ccmslam_ws/src/ccm_slam/cslam/include/cslam/KeyFrame.h:41[m[K,
                 from [01m[K/home/marina/ccmslam_ws/src/ccm_slam/cslam/include/cslam/MapPoint.h:40[m[K,
                 from [01m[K/home/marina/ccmslam_ws/src/ccm_slam/cslam/include/cslam/Frame.h:39[m[K,
                 from [01m[K/home/marina/ccmslam_ws/src/ccm_slam/cslam/include/cslam/ORBmatcher.h:71[m[K,
                 from [01m[K/home/marina/ccmslam_ws/src/ccm_slam/cslam/include/cslam/Tracking.h:43[m[K,
                 from [01m[K/home/marina/ccmslam_ws/src/ccm_slam/cslam/src/Tracking.cpp:26[m[K:
[01m[K/home/marina/ccmslam_ws/src/ccm_slam/cslam/thirdparty/g2o/g2o/solvers/linear_solver_eigen.h:45:50:[m[K [01;36m[Knote: [m[K#pragma message: g2o: Ubuntu 16 configuration
 #pragma message ( "g2o: Ubuntu 16 configuration" )
[01;32m[K                                                  ^[m[K
In file included from [01m[K/home/marina/ccmslam_ws/src/ccm_slam/cslam/include/cslam/Optimizer.h:47:0[m[K,
                 from [01m[K/home/marina/ccmslam_ws/src/ccm_slam/cslam/include/cslam/MapMatcher.h:52[m[K,
                 from [01m[K/home/marina/ccmslam_ws/src/ccm_slam/cslam/include/cslam/Mapping.h:40[m[K,
                 from [01m[K/home/marina/ccmslam_ws/src/ccm_slam/cslam/include/cslam/ClientHandler.h:47[m[K,
                 from [01m[K/home/marina/ccmslam_ws/src/ccm_slam/cslam/include/cslam/CentralControl.h:38[m[K,
                 from [01m[K/home/marina/ccmslam_ws/src/ccm_slam/cslam/include/cslam/Map.h:41[m[K,
                 from [01m[K/home/marina/ccmslam_ws/src/ccm_slam/cslam/include/cslam/Database.h:41[m[K,
                 from [01m[K/home/marina/ccmslam_ws/src/ccm_slam/cslam/include/cslam/KeyFrame.h:41[m[K,
                 from [01m[K/home/marina/ccmslam_ws/src/ccm_slam/cslam/include/cslam/MapPoint.h:40[m[K,
                 from [01m[K/home/marina/ccmslam_ws/src/ccm_slam/cslam/include/cslam/Frame.h:39[m[K,
                 from [01m[K/home/marina/ccmslam_ws/src/ccm_slam/cslam/include/cslam/ORBmatcher.h:71[m[K,
                 from [01m[K/home/marina/ccmslam_ws/src/ccm_slam/cslam/include/cslam/Tracking.h:43[m[K,
                 from [01m[K/home/marina/ccmslam_ws/src/ccm_slam/cslam/include/cslam/Viewer.h:52[m[K,
                 from [01m[K/home/marina/ccmslam_ws/src/ccm_slam/cslam/src/Viewer.cpp:25[m[K:
[01m[K/home/marina/ccmslam_ws/src/ccm_slam/cslam/thirdparty/g2o/g2o/solvers/linear_solver_eigen.h:45:50:[m[K [01;36m[Knote: [m[K#pragma message: g2o: Ubuntu 16 configuration
 #pragma message ( "g2o: Ubuntu 16 configuration" )
[01;32m[K                                                  ^[m[K
In file included from [01m[K/home/marina/ccmslam_ws/src/ccm_slam/cslam/include/cslam/Optimizer.h:47:0[m[K,
                 from [01m[K/home/marina/ccmslam_ws/src/ccm_slam/cslam/include/cslam/MapMatcher.h:52[m[K,
                 from [01m[K/home/marina/ccmslam_ws/src/ccm_slam/cslam/include/cslam/Mapping.h:40[m[K,
                 from [01m[K/home/marina/ccmslam_ws/src/ccm_slam/cslam/include/cslam/ClientHandler.h:47[m[K,
                 from [01m[K/home/marina/ccmslam_ws/src/ccm_slam/cslam/include/cslam/CentralControl.h:38[m[K,
                 from [01m[K/home/marina/ccmslam_ws/src/ccm_slam/cslam/include/cslam/Communicator.h:52[m[K,
                 from [01m[K/home/marina/ccmslam_ws/src/ccm_slam/cslam/include/cslam/MapPoint.h:41[m[K,
                 from [01m[K/home/marina/ccmslam_ws/src/ccm_slam/cslam/include/cslam/KeyFrame.h:40[m[K,
                 from [01m[K/home/marina/ccmslam_ws/src/ccm_slam/cslam/include/cslam/Database.h:40[m[K,
                 from [01m[K/home/marina/ccmslam_ws/src/ccm_slam/cslam/include/cslam/client/ClientSystem.h:46[m[K,
                 from [01m[K/home/marina/ccmslam_ws/src/ccm_slam/cslam/src/client/ClientSystem.cpp:25[m[K:
[01m[K/home/marina/ccmslam_ws/src/ccm_slam/cslam/thirdparty/g2o/g2o/solvers/linear_solver_eigen.h:45:50:[m[K [01;36m[Knote: [m[K#pragma message: g2o: Ubuntu 16 configuration
 #pragma message ( "g2o: Ubuntu 16 configuration" )
[01;32m[K                                                  ^[m[K
In file included from [01m[K/home/marina/ccmslam_ws/src/ccm_slam/cslam/include/cslam/Optimizer.h:47:0[m[K,
                 from [01m[K/home/marina/ccmslam_ws/src/ccm_slam/cslam/include/cslam/MapMatcher.h:52[m[K,
                 from [01m[K/home/marina/ccmslam_ws/src/ccm_slam/cslam/include/cslam/Communicator.h:58[m[K,
                 from [01m[K/home/marina/ccmslam_ws/src/ccm_slam/cslam/include/cslam/MapPoint.h:41[m[K,
                 from [01m[K/home/marina/ccmslam_ws/src/ccm_slam/cslam/include/cslam/KeyFrame.h:40[m[K,
                 from [01m[K/home/marina/ccmslam_ws/src/ccm_slam/cslam/include/cslam/Database.h:40[m[K,
                 from [01m[K/home/marina/ccmslam_ws/src/ccm_slam/cslam/include/cslam/ClientHandler.h:46[m[K,
                 from [01m[K/home/marina/ccmslam_ws/src/ccm_slam/cslam/include/cslam/CentralControl.h:38[m[K,
                 from [01m[K/home/marina/ccmslam_ws/src/ccm_slam/cslam/include/cslam/Map.h:41[m[K,
                 from [01m[K/home/marina/ccmslam_ws/src/ccm_slam/cslam/include/cslam/server/ServerSystem.h:45[m[K,
                 from [01m[K/home/marina/ccmslam_ws/src/ccm_slam/cslam/src/server/ServerSystem.cpp:25[m[K:
[01m[K/home/marina/ccmslam_ws/src/ccm_slam/cslam/thirdparty/g2o/g2o/solvers/linear_solver_eigen.h:45:50:[m[K [01;36m[Knote: [m[K#pragma message: g2o: Ubuntu 16 configuration
 #pragma message ( "g2o: Ubuntu 16 configuration" )
[01;32m[K                                                  ^[m[K
In file included from [01m[K/home/marina/ccmslam_ws/src/ccm_slam/cslam/include/cslam/Optimizer.h:47:0[m[K,
                 from [01m[K/home/marina/ccmslam_ws/src/ccm_slam/cslam/include/cslam/MapMatcher.h:52[m[K,
                 from [01m[K/home/marina/ccmslam_ws/src/ccm_slam/cslam/include/cslam/Communicator.h:58[m[K,
                 from [01m[K/home/marina/ccmslam_ws/src/ccm_slam/cslam/include/cslam/MapPoint.h:41[m[K,
                 from [01m[K/home/marina/ccmslam_ws/src/ccm_slam/cslam/include/cslam/KeyFrame.h:40[m[K,
                 from [01m[K/home/marina/ccmslam_ws/src/ccm_slam/cslam/include/cslam/Database.h:40[m[K,
                 from [01m[K/home/marina/ccmslam_ws/src/ccm_slam/cslam/include/cslam/ClientHandler.h:46[m[K,
                 from [01m[K/home/marina/ccmslam_ws/src/ccm_slam/cslam/include/cslam/CentralControl.h:38[m[K,
                 from [01m[K/home/marina/ccmslam_ws/src/ccm_slam/cslam/include/cslam/Map.h:41[m[K,
                 from [01m[K/home/marina/ccmslam_ws/src/ccm_slam/cslam/include/cslam/server/ServerSystem.h:45[m[K,
                 from [01m[K/home/marina/ccmslam_ws/src/ccm_slam/cslam/src/server/ServerNode.cpp:26[m[K:
[01m[K/home/marina/ccmslam_ws/src/ccm_slam/cslam/thirdparty/g2o/g2o/solvers/linear_solver_eigen.h:45:50:[m[K [01;36m[Knote: [m[K#pragma message: g2o: Ubuntu 16 configuration
 #pragma message ( "g2o: Ubuntu 16 configuration" )
[01;32m[K                                                  ^[m[K
In file included from [01m[K/home/marina/ccmslam_ws/src/ccm_slam/cslam/include/cslam/Optimizer.h:47:0[m[K,
                 from [01m[K/home/marina/ccmslam_ws/src/ccm_slam/cslam/include/cslam/MapMatcher.h:52[m[K,
                 from [01m[K/home/marina/ccmslam_ws/src/ccm_slam/cslam/include/cslam/Mapping.h:40[m[K,
                 from [01m[K/home/marina/ccmslam_ws/src/ccm_slam/cslam/include/cslam/ClientHandler.h:47[m[K,
                 from [01m[K/home/marina/ccmslam_ws/src/ccm_slam/cslam/include/cslam/CentralControl.h:38[m[K,
                 from [01m[K/home/marina/ccmslam_ws/src/ccm_slam/cslam/include/cslam/Communicator.h:52[m[K,
                 from [01m[K/home/marina/ccmslam_ws/src/ccm_slam/cslam/include/cslam/MapPoint.h:41[m[K,
                 from [01m[K/home/marina/ccmslam_ws/src/ccm_slam/cslam/include/cslam/KeyFrame.h:40[m[K,
                 from [01m[K/home/marina/ccmslam_ws/src/ccm_slam/cslam/include/cslam/Database.h:40[m[K,
                 from [01m[K/home/marina/ccmslam_ws/src/ccm_slam/cslam/include/cslam/client/ClientSystem.h:46[m[K,
                 from [01m[K/home/marina/ccmslam_ws/src/ccm_slam/cslam/src/client/ClientNode.cpp:26[m[K:
[01m[K/home/marina/ccmslam_ws/src/ccm_slam/cslam/thirdparty/g2o/g2o/solvers/linear_solver_eigen.h:45:50:[m[K [01;36m[Knote: [m[K#pragma message: g2o: Ubuntu 16 configuration
 #pragma message ( "g2o: Ubuntu 16 configuration" )
[01;32m[K                                                  ^[m[K
