[35m[1mScanning dependencies of target _ccmslam_msgs_generate_messages_check_deps_MPred[0m
[35m[1mScanning dependencies of target _ccmslam_msgs_generate_messages_check_deps_UIntVec[0m
[35m[1mScanning dependencies of target geometry_msgs_generate_messages_cpp[0m
[35m[1mScanning dependencies of target _ccmslam_msgs_generate_messages_check_deps_CvKeyPoint[0m
[  0%] Built target geometry_msgs_generate_messages_cpp
[35m[1mScanning dependencies of target _ccmslam_msgs_generate_messages_check_deps_KF[0m
[  0%] Built target _ccmslam_msgs_generate_messages_check_deps_MPred
[  0%] Built target _ccmslam_msgs_generate_messages_check_deps_UIntVec
[  0%] Built target _ccmslam_msgs_generate_messages_check_deps_CvKeyPoint
[35m[1mScanning dependencies of target _ccmslam_msgs_generate_messages_check_deps_MP[0m
[35m[1mScanning dependencies of target sensor_msgs_generate_messages_cpp[0m
[35m[1mScanning dependencies of target std_msgs_generate_messages_cpp[0m
[  0%] Built target _ccmslam_msgs_generate_messages_check_deps_KF
[  0%] Built target sensor_msgs_generate_messages_cpp
[  0%] Built target std_msgs_generate_messages_cpp
[35m[1mScanning dependencies of target _ccmslam_msgs_generate_messages_check_deps_KFred[0m
[35m[1mScanning dependencies of target _ccmslam_msgs_generate_messages_check_deps_Map[0m
[35m[1mScanning dependencies of target _ccmslam_msgs_generate_messages_check_deps_Descriptor[0m
[  0%] Built target _ccmslam_msgs_generate_messages_check_deps_MP
[35m[1mScanning dependencies of target geometry_msgs_generate_messages_py[0m
[  0%] Built target geometry_msgs_generate_messages_py
[  0%] Built target _ccmslam_msgs_generate_messages_check_deps_KFred
[  0%] Built target _ccmslam_msgs_generate_messages_check_deps_Descriptor
[  0%] Built target _ccmslam_msgs_generate_messages_check_deps_Map
[35m[1mScanning dependencies of target sensor_msgs_generate_messages_py[0m
[35m[1mScanning dependencies of target std_msgs_generate_messages_py[0m
[35m[1mScanning dependencies of target std_msgs_generate_messages_nodejs[0m
[35m[1mScanning dependencies of target geometry_msgs_generate_messages_nodejs[0m
[  0%] Built target sensor_msgs_generate_messages_py
[  0%] Built target std_msgs_generate_messages_py
[35m[1mScanning dependencies of target sensor_msgs_generate_messages_nodejs[0m
[  0%] Built target std_msgs_generate_messages_nodejs
[  0%] Built target geometry_msgs_generate_messages_nodejs
[35m[1mScanning dependencies of target std_msgs_generate_messages_eus[0m
[  0%] Built target sensor_msgs_generate_messages_nodejs
[35m[1mScanning dependencies of target geometry_msgs_generate_messages_eus[0m
[35m[1mScanning dependencies of target sensor_msgs_generate_messages_eus[0m
[  0%] Built target std_msgs_generate_messages_eus
[  0%] Built target geometry_msgs_generate_messages_eus
[35m[1mScanning dependencies of target std_msgs_generate_messages_lisp[0m
[  0%] Built target sensor_msgs_generate_messages_eus
[35m[1mScanning dependencies of target geometry_msgs_generate_messages_lisp[0m
[35m[1mScanning dependencies of target sensor_msgs_generate_messages_lisp[0m
[  0%] Built target std_msgs_generate_messages_lisp
[35m[1mScanning dependencies of target ccmslam_msgs_generate_messages_cpp[0m
[  0%] Built target geometry_msgs_generate_messages_lisp
[  0%] Built target sensor_msgs_generate_messages_lisp
[35m[1mScanning dependencies of target ccmslam_msgs_generate_messages_py[0m
[  2%] [34m[1mGenerating C++ code from ccmslam_msgs/KFred.msg[0m
[  4%] [34m[1mGenerating C++ code from ccmslam_msgs/Descriptor.msg[0m
[  7%] [34m[1mGenerating C++ code from ccmslam_msgs/MPred.msg[0m
[  9%] [34m[1mGenerating Python from MSG ccmslam_msgs/KFred[0m
[ 11%] [34m[1mGenerating Python from MSG ccmslam_msgs/Descriptor[0m
[ 14%] [34m[1mGenerating Python from MSG ccmslam_msgs/MPred[0m
[ 16%] [34m[1mGenerating C++ code from ccmslam_msgs/CvKeyPoint.msg[0m
[ 19%] [34m[1mGenerating C++ code from ccmslam_msgs/Map.msg[0m
[ 21%] [34m[1mGenerating C++ code from ccmslam_msgs/KF.msg[0m
[ 23%] [34m[1mGenerating Python from MSG ccmslam_msgs/CvKeyPoint[0m
[ 28%] [34m[1mGenerating C++ code from ccmslam_msgs/UIntVec.msg[0m
[ 28%] [34m[1mGenerating C++ code from ccmslam_msgs/MP.msg[0m
[ 30%] [34m[1mGenerating Python from MSG ccmslam_msgs/Map[0m
[ 33%] [34m[1mGenerating Python from MSG ccmslam_msgs/KF[0m
[35m[1mScanning dependencies of target ccmslam_msgs_generate_messages_nodejs[0m
[35m[1mScanning dependencies of target ccmslam_msgs_generate_messages_eus[0m
[ 35%] [34m[1mGenerating Javascript code from ccmslam_msgs/KFred.msg[0m
[ 38%] [34m[1mGenerating EusLisp code from ccmslam_msgs/KFred.msg[0m
[ 38%] Built target ccmslam_msgs_generate_messages_cpp
[ 40%] [34m[1mGenerating EusLisp code from ccmslam_msgs/Descriptor.msg[0m
[ 42%] [34m[1mGenerating Python from MSG ccmslam_msgs/MP[0m
[ 45%] [34m[1mGenerating Javascript code from ccmslam_msgs/Descriptor.msg[0m
[ 47%] [34m[1mGenerating Javascript code from ccmslam_msgs/MPred.msg[0m
[ 50%] [34m[1mGenerating Python from MSG ccmslam_msgs/UIntVec[0m
[ 52%] [34m[1mGenerating Javascript code from ccmslam_msgs/CvKeyPoint.msg[0m
[ 54%] [34m[1mGenerating EusLisp code from ccmslam_msgs/MPred.msg[0m
[ 57%] [34m[1mGenerating EusLisp code from ccmslam_msgs/CvKeyPoint.msg[0m
[ 59%] [34m[1mGenerating Javascript code from ccmslam_msgs/Map.msg[0m
[ 61%] [34m[1mGenerating EusLisp code from ccmslam_msgs/Map.msg[0m
[35m[1mScanning dependencies of target ccmslam_msgs_generate_messages_lisp[0m
[ 64%] [34m[1mGenerating Lisp code from ccmslam_msgs/KFred.msg[0m
[ 66%] [34m[1mGenerating Python msg __init__.py for ccmslam_msgs[0m
[ 69%] [34m[1mGenerating Javascript code from ccmslam_msgs/KF.msg[0m
[ 71%] [34m[1mGenerating EusLisp code from ccmslam_msgs/KF.msg[0m
[ 73%] [34m[1mGenerating Javascript code from ccmslam_msgs/MP.msg[0m
[ 76%] [34m[1mGenerating Lisp code from ccmslam_msgs/Descriptor.msg[0m
[ 78%] [34m[1mGenerating Javascript code from ccmslam_msgs/UIntVec.msg[0m
[ 80%] [34m[1mGenerating Lisp code from ccmslam_msgs/MPred.msg[0m
[ 80%] Built target ccmslam_msgs_generate_messages_py
[ 83%] [34m[1mGenerating EusLisp code from ccmslam_msgs/MP.msg[0m
[ 85%] [34m[1mGenerating Lisp code from ccmslam_msgs/CvKeyPoint.msg[0m
[ 85%] Built target ccmslam_msgs_generate_messages_nodejs
[ 88%] [34m[1mGenerating Lisp code from ccmslam_msgs/Map.msg[0m
[ 90%] [34m[1mGenerating Lisp code from ccmslam_msgs/KF.msg[0m
[ 92%] [34m[1mGenerating Lisp code from ccmslam_msgs/MP.msg[0m
[ 95%] [34m[1mGenerating EusLisp code from ccmslam_msgs/UIntVec.msg[0m
[ 97%] [34m[1mGenerating EusLisp manifest code for ccmslam_msgs[0m
[100%] [34m[1mGenerating Lisp code from ccmslam_msgs/UIntVec.msg[0m
[100%] Built target ccmslam_msgs_generate_messages_lisp
[100%] Built target ccmslam_msgs_generate_messages_eus
[35m[1mScanning dependencies of target ccmslam_msgs_generate_messages[0m
[100%] Built target ccmslam_msgs_generate_messages
