Symlinking /home/marina/ccmslam_ws/devel/lib/python2.7/dist-packages/ccmslam_msgs/__init__.py
Symlinking /home/marina/ccmslam_ws/devel/lib/python2.7/dist-packages/ccmslam_msgs/msg/_UIntVec.py
Symlinking /home/marina/ccmslam_ws/devel/lib/python2.7/dist-packages/ccmslam_msgs/msg/_KFred.py
Symlinking /home/marina/ccmslam_ws/devel/lib/python2.7/dist-packages/ccmslam_msgs/msg/_MPred.py
Symlinking /home/marina/ccmslam_ws/devel/lib/python2.7/dist-packages/ccmslam_msgs/msg/__init__.py
Symlinking /home/marina/ccmslam_ws/devel/lib/python2.7/dist-packages/ccmslam_msgs/msg/_Descriptor.py
Symlinking /home/marina/ccmslam_ws/devel/lib/python2.7/dist-packages/ccmslam_msgs/msg/_Map.py
Symlinking /home/marina/ccmslam_ws/devel/lib/python2.7/dist-packages/ccmslam_msgs/msg/_MP.py
Symlinking /home/marina/ccmslam_ws/devel/lib/python2.7/dist-packages/ccmslam_msgs/msg/_CvKeyPoint.py
Symlinking /home/marina/ccmslam_ws/devel/lib/python2.7/dist-packages/ccmslam_msgs/msg/_KF.py
Symlinking /home/marina/ccmslam_ws/devel/lib/pkgconfig/ccmslam_msgs.pc
Symlinking /home/marina/ccmslam_ws/devel/share/roseus/ros/ccmslam_msgs/manifest.l
Symlinking /home/marina/ccmslam_ws/devel/share/roseus/ros/ccmslam_msgs/msg/Descriptor.l
Symlinking /home/marina/ccmslam_ws/devel/share/roseus/ros/ccmslam_msgs/msg/MP.l
Symlinking /home/marina/ccmslam_ws/devel/share/roseus/ros/ccmslam_msgs/msg/MPred.l
Symlinking /home/marina/ccmslam_ws/devel/share/roseus/ros/ccmslam_msgs/msg/KFred.l
Symlinking /home/marina/ccmslam_ws/devel/share/roseus/ros/ccmslam_msgs/msg/Map.l
Symlinking /home/marina/ccmslam_ws/devel/share/roseus/ros/ccmslam_msgs/msg/UIntVec.l
Symlinking /home/marina/ccmslam_ws/devel/share/roseus/ros/ccmslam_msgs/msg/KF.l
Symlinking /home/marina/ccmslam_ws/devel/share/roseus/ros/ccmslam_msgs/msg/CvKeyPoint.l
Symlinking /home/marina/ccmslam_ws/devel/share/common-lisp/ros/ccmslam_msgs/msg/_package.lisp
Symlinking /home/marina/ccmslam_ws/devel/share/common-lisp/ros/ccmslam_msgs/msg/_package_UIntVec.lisp
Symlinking /home/marina/ccmslam_ws/devel/share/common-lisp/ros/ccmslam_msgs/msg/MP.lisp
Symlinking /home/marina/ccmslam_ws/devel/share/common-lisp/ros/ccmslam_msgs/msg/_package_KF.lisp
Symlinking /home/marina/ccmslam_ws/devel/share/common-lisp/ros/ccmslam_msgs/msg/Descriptor.lisp
Symlinking /home/marina/ccmslam_ws/devel/share/common-lisp/ros/ccmslam_msgs/msg/_package_KFred.lisp
Symlinking /home/marina/ccmslam_ws/devel/share/common-lisp/ros/ccmslam_msgs/msg/_package_MPred.lisp
Symlinking /home/marina/ccmslam_ws/devel/share/common-lisp/ros/ccmslam_msgs/msg/Map.lisp
Symlinking /home/marina/ccmslam_ws/devel/share/common-lisp/ros/ccmslam_msgs/msg/UIntVec.lisp
Symlinking /home/marina/ccmslam_ws/devel/share/common-lisp/ros/ccmslam_msgs/msg/_package_CvKeyPoint.lisp
Symlinking /home/marina/ccmslam_ws/devel/share/common-lisp/ros/ccmslam_msgs/msg/_package_Map.lisp
Symlinking /home/marina/ccmslam_ws/devel/share/common-lisp/ros/ccmslam_msgs/msg/MPred.lisp
Symlinking /home/marina/ccmslam_ws/devel/share/common-lisp/ros/ccmslam_msgs/msg/KF.lisp
Symlinking /home/marina/ccmslam_ws/devel/share/common-lisp/ros/ccmslam_msgs/msg/_package_Descriptor.lisp
Symlinking /home/marina/ccmslam_ws/devel/share/common-lisp/ros/ccmslam_msgs/msg/ccmslam_msgs-msg.asd
Symlinking /home/marina/ccmslam_ws/devel/share/common-lisp/ros/ccmslam_msgs/msg/CvKeyPoint.lisp
Symlinking /home/marina/ccmslam_ws/devel/share/common-lisp/ros/ccmslam_msgs/msg/KFred.lisp
Symlinking /home/marina/ccmslam_ws/devel/share/common-lisp/ros/ccmslam_msgs/msg/_package_MP.lisp
Symlinking /home/marina/ccmslam_ws/devel/share/gennodejs/ros/ccmslam_msgs/_index.js
Symlinking /home/marina/ccmslam_ws/devel/share/gennodejs/ros/ccmslam_msgs/msg/CvKeyPoint.js
Symlinking /home/marina/ccmslam_ws/devel/share/gennodejs/ros/ccmslam_msgs/msg/KF.js
Symlinking /home/marina/ccmslam_ws/devel/share/gennodejs/ros/ccmslam_msgs/msg/Descriptor.js
Symlinking /home/marina/ccmslam_ws/devel/share/gennodejs/ros/ccmslam_msgs/msg/Map.js
Symlinking /home/marina/ccmslam_ws/devel/share/gennodejs/ros/ccmslam_msgs/msg/_index.js
Symlinking /home/marina/ccmslam_ws/devel/share/gennodejs/ros/ccmslam_msgs/msg/KFred.js
Symlinking /home/marina/ccmslam_ws/devel/share/gennodejs/ros/ccmslam_msgs/msg/MP.js
Symlinking /home/marina/ccmslam_ws/devel/share/gennodejs/ros/ccmslam_msgs/msg/MPred.js
Symlinking /home/marina/ccmslam_ws/devel/share/gennodejs/ros/ccmslam_msgs/msg/UIntVec.js
Symlinking /home/marina/ccmslam_ws/devel/share/ccmslam_msgs/cmake/ccmslam_msgs-msg-paths.cmake
Symlinking /home/marina/ccmslam_ws/devel/share/ccmslam_msgs/cmake/ccmslam_msgs-msg-extras.cmake
Symlinking /home/marina/ccmslam_ws/devel/share/ccmslam_msgs/cmake/ccmslam_msgsConfig.cmake
Symlinking /home/marina/ccmslam_ws/devel/share/ccmslam_msgs/cmake/ccmslam_msgsConfig-version.cmake
Symlinking /home/marina/ccmslam_ws/devel/include/ccmslam_msgs/UIntVec.h
Symlinking /home/marina/ccmslam_ws/devel/include/ccmslam_msgs/Descriptor.h
Symlinking /home/marina/ccmslam_ws/devel/include/ccmslam_msgs/MPred.h
Symlinking /home/marina/ccmslam_ws/devel/include/ccmslam_msgs/CvKeyPoint.h
Symlinking /home/marina/ccmslam_ws/devel/include/ccmslam_msgs/KF.h
Symlinking /home/marina/ccmslam_ws/devel/include/ccmslam_msgs/KFred.h
Symlinking /home/marina/ccmslam_ws/devel/include/ccmslam_msgs/Map.h
Symlinking /home/marina/ccmslam_ws/devel/include/ccmslam_msgs/MP.h
