Determining if the pthread_create exist failed with the following output:
Change Dir: /home/marina/ccmslam_ws/build/ccmslam/CMakeFiles/CMakeTmp

Run Build Command:"/usr/bin/make" "cmTC_25aeb/fast"
/usr/bin/make -f CMakeFiles/cmTC_25aeb.dir/build.make CMakeFiles/cmTC_25aeb.dir/build
make[1]: Entering directory '/home/marina/ccmslam_ws/build/ccmslam/CMakeFiles/CMakeTmp'
Building C object CMakeFiles/cmTC_25aeb.dir/CheckSymbolExists.c.o
/usr/bin/cc     -o CMakeFiles/cmTC_25aeb.dir/CheckSymbolExists.c.o   -c /home/marina/ccmslam_ws/build/ccmslam/CMakeFiles/CMakeTmp/CheckSymbolExists.c
Linking C executable cmTC_25aeb
/usr/bin/cmake -E cmake_link_script CMakeFiles/cmTC_25aeb.dir/link.txt --verbose=1
/usr/bin/cc       CMakeFiles/cmTC_25aeb.dir/CheckSymbolExists.c.o  -o cmTC_25aeb -rdynamic 
CMakeFiles/cmTC_25aeb.dir/CheckSymbolExists.c.o: In function `main':
CheckSymbolExists.c:(.text+0x16): undefined reference to `pthread_create'
collect2: error: ld returned 1 exit status
CMakeFiles/cmTC_25aeb.dir/build.make:97: recipe for target 'cmTC_25aeb' failed
make[1]: *** [cmTC_25aeb] Error 1
make[1]: Leaving directory '/home/marina/ccmslam_ws/build/ccmslam/CMakeFiles/CMakeTmp'
Makefile:126: recipe for target 'cmTC_25aeb/fast' failed
make: *** [cmTC_25aeb/fast] Error 2

File /home/marina/ccmslam_ws/build/ccmslam/CMakeFiles/CMakeTmp/CheckSymbolExists.c:
/* */
#include <pthread.h>

int main(int argc, char** argv)
{
  (void)argv;
#ifndef pthread_create
  return ((int*)(&pthread_create))[argc];
#else
  (void)argc;
  return 0;
#endif
}

Determining if the function pthread_create exists in the pthreads failed with the following output:
Change Dir: /home/marina/ccmslam_ws/build/ccmslam/CMakeFiles/CMakeTmp

Run Build Command:"/usr/bin/make" "cmTC_8059e/fast"
/usr/bin/make -f CMakeFiles/cmTC_8059e.dir/build.make CMakeFiles/cmTC_8059e.dir/build
make[1]: Entering directory '/home/marina/ccmslam_ws/build/ccmslam/CMakeFiles/CMakeTmp'
Building C object CMakeFiles/cmTC_8059e.dir/CheckFunctionExists.c.o
/usr/bin/cc    -DCHECK_FUNCTION_EXISTS=pthread_create   -o CMakeFiles/cmTC_8059e.dir/CheckFunctionExists.c.o   -c /usr/share/cmake-3.5/Modules/CheckFunctionExists.c
Linking C executable cmTC_8059e
/usr/bin/cmake -E cmake_link_script CMakeFiles/cmTC_8059e.dir/link.txt --verbose=1
/usr/bin/cc   -DCHECK_FUNCTION_EXISTS=pthread_create    CMakeFiles/cmTC_8059e.dir/CheckFunctionExists.c.o  -o cmTC_8059e -rdynamic -lpthreads 
/usr/bin/ld: cannot find -lpthreads
collect2: error: ld returned 1 exit status
CMakeFiles/cmTC_8059e.dir/build.make:97: recipe for target 'cmTC_8059e' failed
make[1]: *** [cmTC_8059e] Error 1
make[1]: Leaving directory '/home/marina/ccmslam_ws/build/ccmslam/CMakeFiles/CMakeTmp'
Makefile:126: recipe for target 'cmTC_8059e/fast' failed
make: *** [cmTC_8059e/fast] Error 2


